<?xml version="1.0" encoding="UTF-8"?>
<!-- Generated by org.testng.reporters.JUnitReportReporter -->
<testsuite skipped="0" hostname="DESKTOP-0CV2FCB" name="crudoperationusinghashmap.CreateProjectUsingJsonFile" tests="1" failures="0" timestamp="30 Jul 2021 07:22:32 GMT" time="5.368" errors="0">
  <testcase name="createProjectUsingJsonFile" time="5.368" classname="crudoperationusinghashmap.CreateProjectUsingJsonFile"/>
</testsuite> <!-- crudoperationusinghashmap.CreateProjectUsingJsonFile -->
