<?xml version="1.0" encoding="UTF-8"?>
<!-- Generated by org.testng.reporters.JUnitReportReporter -->
<testsuite skipped="0" hostname="DESKTOP-0CV2FCB" name="com.comcast.POJOClass.ValidateStaticResponseTest" tests="1" failures="0" timestamp="30 Jul 2021 18:03:03 GMT" time="11.561" errors="0">
  <testcase name="validateStaticTesponse" time="11.561" classname="com.comcast.POJOClass.ValidateStaticResponseTest"/>
</testsuite> <!-- com.comcast.POJOClass.ValidateStaticResponseTest -->
