<?xml version="1.0" encoding="UTF-8"?>
<!-- Generated by org.testng.reporters.JUnitReportReporter -->
<testsuite skipped="0" hostname="DESKTOP-0CV2FCB" name="parameter_and_authentication.BearerTokenAuthentication" tests="1" failures="0" timestamp="31 Jul 2021 09:56:09 GMT" time="5.113" errors="0">
  <testcase name="bearerToken" time="5.113" classname="parameter_and_authentication.BearerTokenAuthentication"/>
</testsuite> <!-- parameter_and_authentication.BearerTokenAuthentication -->
