<?xml version="1.0" encoding="UTF-8"?>
<!-- Generated by org.testng.reporters.JUnitReportReporter -->
<testsuite skipped="0" hostname="DESKTOP-0CV2FCB" name="com.ty.rmg.projectsTest.CreateProjectWithCreatedStatusTest" tests="1" failures="0" timestamp="02 Aug 2021 08:11:25 GMT" time="5.026" errors="0">
  <testcase name="createProjectWithCreatedStatusTest" time="5.026" classname="com.ty.rmg.projectsTest.CreateProjectWithCreatedStatusTest"/>
</testsuite> <!-- com.ty.rmg.projectsTest.CreateProjectWithCreatedStatusTest -->
