<?xml version="1.0" encoding="UTF-8"?>
<!-- Generated by org.testng.reporters.JUnitReportReporter -->
<testsuite skipped="0" hostname="DESKTOP-0CV2FCB" name="com.ty.rmg.projectsTest.GetAllProjectAndDeleteUsingDbValidationTest" tests="1" failures="0" timestamp="02 Aug 2021 09:28:16 GMT" time="4.882" errors="0">
  <testcase name="getAllProjectAndDeleteUsingDbValidationTest" time="4.882" classname="com.ty.rmg.projectsTest.GetAllProjectAndDeleteUsingDbValidationTest"/>
</testsuite> <!-- com.ty.rmg.projectsTest.GetAllProjectAndDeleteUsingDbValidationTest -->
