<?xml version="1.0" encoding="UTF-8"?>
<!-- Generated by org.testng.reporters.JUnitReportReporter -->
<testsuite skipped="0" hostname="DESKTOP-0CV2FCB" name="crudoperationbdd.Delete_OneProjectRequest" tests="1" failures="0" timestamp="29 Jul 2021 12:36:54 GMT" time="5.426" errors="0">
  <testcase name="deleteAllProjects" time="5.426" classname="crudoperationbdd.Delete_OneProjectRequest"/>
</testsuite> <!-- crudoperationbdd.Delete_OneProjectRequest -->
