<?xml version="1.0" encoding="UTF-8"?>
<!-- Generated by org.testng.reporters.JUnitReportReporter -->
<testsuite skipped="0" hostname="DESKTOP-0CV2FCB" name="in.reqres.validatecomplexresponse.ValidateDynamicResponseTest" tests="1" failures="0" timestamp="30 Jul 2021 19:40:32 GMT" time="4.030" errors="0">
  <testcase name="validateDynamicResponse" time="4.030" classname="in.reqres.validatecomplexresponse.ValidateDynamicResponseTest"/>
</testsuite> <!-- in.reqres.validatecomplexresponse.ValidateDynamicResponseTest -->
