<?xml version="1.0" encoding="UTF-8"?>
<!-- Generated by org.testng.reporters.JUnitReportReporter -->
<testsuite skipped="0" hostname="DESKTOP-0CV2FCB" name="parameter_and_authentication.CreateGetDeleteRequestChaining" tests="1" failures="0" timestamp="31 Jul 2021 18:23:35 GMT" time="4.794" errors="0">
  <testcase name="createGetDelete" time="4.794" classname="parameter_and_authentication.CreateGetDeleteRequestChaining"/>
</testsuite> <!-- parameter_and_authentication.CreateGetDeleteRequestChaining -->
