<?xml version="1.0" encoding="UTF-8"?>
<!-- Generated by org.testng.reporters.JUnitReportReporter -->
<testsuite skipped="0" hostname="DESKTOP-0CV2FCB" name="crudoperation.Put_UpdateProject" tests="1" failures="0" timestamp="29 Jul 2021 11:31:57 GMT" time="3.783" errors="0">
  <testcase name="createProject" time="3.783" classname="crudoperation.Put_UpdateProject"/>
</testsuite> <!-- crudoperation.Put_UpdateProject -->
