<?xml version="1.0" encoding="UTF-8"?>
<!-- Generated by org.testng.reporters.JUnitReportReporter -->
<testsuite skipped="0" hostname="DESKTOP-0CV2FCB" name="com.comcast.POJOClass.CreateMultipleProjectUsingDataProvider" tests="4" failures="0" timestamp="30 Jul 2021 11:19:34 GMT" time="20.899" errors="0">
  <testcase name="createMultipleProjects" time="1.084" classname="com.comcast.POJOClass.CreateMultipleProjectUsingDataProvider"/>
  <testcase name="createMultipleProjects" time="18.328" classname="com.comcast.POJOClass.CreateMultipleProjectUsingDataProvider"/>
  <testcase name="createMultipleProjects" time="1.174" classname="com.comcast.POJOClass.CreateMultipleProjectUsingDataProvider"/>
  <testcase name="createMultipleProjects" time="0.313" classname="com.comcast.POJOClass.CreateMultipleProjectUsingDataProvider"/>
</testsuite> <!-- com.comcast.POJOClass.CreateMultipleProjectUsingDataProvider -->
