<?xml version="1.0" encoding="UTF-8"?>
<!-- Generated by org.testng.reporters.JUnitReportReporter -->
<testsuite skipped="0" hostname="DESKTOP-0CV2FCB" name="in.reqres.validatecomplexresponse.ValidateStaticResponseTest" tests="1" failures="0" timestamp="30 Jul 2021 19:03:57 GMT" time="4.072" errors="0">
  <testcase name="validateStaticResponse" time="4.072" classname="in.reqres.validatecomplexresponse.ValidateStaticResponseTest"/>
</testsuite> <!-- in.reqres.validatecomplexresponse.ValidateStaticResponseTest -->
