<?xml version="1.0" encoding="UTF-8"?>
<!-- Generated by org.testng.reporters.JUnitReportReporter -->
<testsuite skipped="0" hostname="DESKTOP-0CV2FCB" name="com.comcast.POJOClass.ValidateDynamicResponseTest" tests="1" failures="0" timestamp="30 Jul 2021 18:45:16 GMT" time="4.455" errors="0">
  <testcase name="dynamicResponse" time="4.455" classname="com.comcast.POJOClass.ValidateDynamicResponseTest"/>
</testsuite> <!-- com.comcast.POJOClass.ValidateDynamicResponseTest -->
