<?xml version="1.0" encoding="UTF-8"?>
<!-- Generated by org.testng.reporters.JUnitReportReporter -->
<testsuite skipped="0" hostname="DESKTOP-0CV2FCB" name="parameter_and_authentication.RequestChainingCreateDelete" tests="1" failures="0" timestamp="31 Jul 2021 17:59:37 GMT" time="4.605" errors="0">
  <testcase name="createDelete" time="4.605" classname="parameter_and_authentication.RequestChainingCreateDelete"/>
</testsuite> <!-- parameter_and_authentication.RequestChainingCreateDelete -->
