<?xml version="1.0" encoding="UTF-8"?>
<!-- Generated by org.testng.reporters.JUnitReportReporter -->
<testsuite skipped="0" hostname="DESKTOP-0CV2FCB" name="crudoperation.Delete_AllProjectRequest" tests="1" failures="0" timestamp="29 Jul 2021 10:42:29 GMT" time="7.357" errors="0">
  <testcase name="deleteAllProjects" time="7.357" classname="crudoperation.Delete_AllProjectRequest"/>
</testsuite> <!-- crudoperation.Delete_AllProjectRequest -->
