<?xml version="1.0" encoding="UTF-8"?>
<!-- Generated by org.testng.reporters.JUnitReportReporter -->
<testsuite skipped="0" hostname="DESKTOP-0CV2FCB" name="parameter_and_authentication.PathParameter" tests="1" failures="0" timestamp="31 Jul 2021 07:12:53 GMT" time="3.447" errors="0">
  <testcase name="pathParam" time="3.447" classname="parameter_and_authentication.PathParameter"/>
</testsuite> <!-- parameter_and_authentication.PathParameter -->
