<?xml version="1.0" encoding="UTF-8"?>
<!-- Generated by org.testng.reporters.JUnitReportReporter -->
<testsuite skipped="0" hostname="DESKTOP-0CV2FCB" name="crudoperationbdd.Post_CreateProject" tests="1" failures="0" timestamp="29 Jul 2021 12:27:20 GMT" time="7.361" errors="0">
  <testcase name="createProject" time="7.361" classname="crudoperationbdd.Post_CreateProject"/>
</testsuite> <!-- crudoperationbdd.Post_CreateProject -->
