<?xml version="1.0" encoding="UTF-8"?>
<!-- Generated by org.testng.reporters.JUnitReportReporter -->
<testsuite skipped="0" hostname="DESKTOP-0CV2FCB" name="com.ty.rmg.projectsTest.CreateProjectWithCreatedStatusUsingDbValidationTest" tests="1" failures="0" timestamp="02 Aug 2021 20:39:15 GMT" time="3.668" errors="0">
  <testcase name="createProjectWithCreatedStatusUsingDbValidationTest" time="3.668" classname="com.ty.rmg.projectsTest.CreateProjectWithCreatedStatusUsingDbValidationTest"/>
</testsuite> <!-- com.ty.rmg.projectsTest.CreateProjectWithCreatedStatusUsingDbValidationTest -->
