<?xml version="1.0" encoding="UTF-8"?>
<!-- Generated by org.testng.reporters.JUnitReportReporter -->
<testsuite skipped="0" hostname="DESKTOP-0CV2FCB" name="parameter_and_authentication.OAuth2AuthenticationTest" tests="1" failures="0" timestamp="03 Aug 2021 05:01:12 GMT" time="4.356" errors="0">
  <testcase name="oauth2" time="4.356" classname="parameter_and_authentication.OAuth2AuthenticationTest"/>
</testsuite> <!-- parameter_and_authentication.OAuth2AuthenticationTest -->
