<?xml version="1.0" encoding="UTF-8"?>
<!-- Generated by org.testng.reporters.JUnitReportReporter -->
<testsuite skipped="0" hostname="DESKTOP-0CV2FCB" name="crudoperation.Get_AllProjectRequest" tests="1" failures="0" timestamp="29 Jul 2021 11:22:06 GMT" time="2.706" errors="0">
  <testcase name="getAllProjects" time="2.706" classname="crudoperation.Get_AllProjectRequest"/>
</testsuite> <!-- crudoperation.Get_AllProjectRequest -->
