<?xml version="1.0" encoding="UTF-8"?>
<!-- Generated by org.testng.reporters.JUnitReportReporter -->
<testsuite skipped="0" hostname="DESKTOP-0CV2FCB" name="parameter_and_authentication.RequestChaining" tests="1" failures="0" timestamp="31 Jul 2021 07:44:27 GMT" time="8.670" errors="0">
  <testcase name="requestChaining" time="8.670" classname="parameter_and_authentication.RequestChaining"/>
</testsuite> <!-- parameter_and_authentication.RequestChaining -->
