<?xml version="1.0" encoding="UTF-8"?>
<!-- Generated by org.testng.reporters.JUnitReportReporter -->
<testsuite skipped="0" hostname="DESKTOP-0CV2FCB" name="crudoperation.Delete_OneProjectRequest" tests="1" failures="0" timestamp="29 Jul 2021 10:45:11 GMT" time="2.689" errors="0">
  <testcase name="deleteAllProjects" time="2.689" classname="crudoperation.Delete_OneProjectRequest"/>
</testsuite> <!-- crudoperation.Delete_OneProjectRequest -->
