<?xml version="1.0" encoding="UTF-8"?>
<!-- Generated by org.testng.reporters.JUnitReportReporter -->
<testsuite skipped="0" hostname="DESKTOP-0CV2FCB" name="crudoperationbdd.Put_UpdateProject" tests="1" failures="0" timestamp="29 Jul 2021 12:34:01 GMT" time="3.922" errors="0">
  <testcase name="createProject" time="3.922" classname="crudoperationbdd.Put_UpdateProject"/>
</testsuite> <!-- crudoperationbdd.Put_UpdateProject -->
