<?xml version="1.0" encoding="UTF-8"?>
<!-- Generated by org.testng.reporters.JUnitReportReporter -->
<testsuite skipped="0" hostname="DESKTOP-0CV2FCB" name="crudoperationusinghashmap.CreateProjectUsingHashmap" tests="1" failures="0" timestamp="30 Jul 2021 06:26:44 GMT" time="4.433" errors="0">
  <testcase name="createproject" time="4.433" classname="crudoperationusinghashmap.CreateProjectUsingHashmap"/>
</testsuite> <!-- crudoperationusinghashmap.CreateProjectUsingHashmap -->
