<?xml version="1.0" encoding="UTF-8"?>
<!-- Generated by org.testng.reporters.JUnitReportReporter -->
<testsuite skipped="0" hostname="DESKTOP-0CV2FCB" name="parameter_and_authentication.BasicAuthAuthentication" tests="1" failures="0" timestamp="31 Jul 2021 09:30:06 GMT" time="5.121" errors="0">
  <testcase name="basicAuth" time="5.121" classname="parameter_and_authentication.BasicAuthAuthentication"/>
</testsuite> <!-- parameter_and_authentication.BasicAuthAuthentication -->
