<?xml version="1.0" encoding="UTF-8"?>
<!-- Generated by org.testng.reporters.JUnitReportReporter -->
<testsuite skipped="0" hostname="DESKTOP-0CV2FCB" name="crudoperation.Post_CreateProject" tests="1" failures="0" timestamp="29 Jul 2021 11:25:31 GMT" time="3.148" errors="0">
  <testcase name="createProject" time="3.148" classname="crudoperation.Post_CreateProject"/>
</testsuite> <!-- crudoperation.Post_CreateProject -->
