<?xml version="1.0" encoding="UTF-8"?>
<!-- Generated by org.testng.reporters.JUnitReportReporter -->
<testsuite skipped="0" hostname="DESKTOP-0CV2FCB" name="parameter_and_authentication.QueryParameterTest" tests="1" failures="0" timestamp="31 Jul 2021 07:10:36 GMT" time="2.826" errors="0">
  <testcase name="queryParam" time="2.826" classname="parameter_and_authentication.QueryParameterTest"/>
</testsuite> <!-- parameter_and_authentication.QueryParameterTest -->
