<?xml version="1.0" encoding="UTF-8"?>
<!-- Generated by org.testng.reporters.JUnitReportReporter -->
<testsuite skipped="0" hostname="DESKTOP-0CV2FCB" name="com.comcast.POJOClass.CreateProjectUsingPojoTest" tests="1" failures="0" timestamp="30 Jul 2021 08:47:01 GMT" time="3.449" errors="0">
  <testcase name="createProject" time="3.449" classname="com.comcast.POJOClass.CreateProjectUsingPojoTest"/>
</testsuite> <!-- com.comcast.POJOClass.CreateProjectUsingPojoTest -->
